<?xml version="1.0" encoding="UTF-8"?>
<!-- Generated by org.testng.reporters.JUnitReportReporter -->
<testsuite hostname="summit" failures="0" tests="1" name="com.herokuapp.theinternet.LoginTest" time="21.867" errors="0" timestamp="2021-11-30T17:55:18 IST" skipped="0">
  <testcase classname="com.herokuapp.theinternet.LoginTest" name="loginTest" time="21.867"/>
  <system-out/>
</testsuite> <!-- com.herokuapp.theinternet.LoginTest -->
